2023.07.03 14:05:03 INFO  Started: Metals version 0.11.12 in workspace '/Users/mike.burns/Documents/hmrc/eori-common-component-registration-frontend' for client Visual Studio Code 1.78.0.
Jul 03, 2023 2:05:03 PM org.flywaydb.core.internal.license.VersionPrinter printVersionOnly
INFO: Flyway Community Edition 9.16.3 by Redgate
Jul 03, 2023 2:05:03 PM org.flywaydb.core.internal.license.VersionPrinter printVersion
INFO: See release notes here: https://rd.gt/416ObMi
Jul 03, 2023 2:05:03 PM org.flywaydb.core.internal.license.VersionPrinter printVersion
INFO: 
Jul 03, 2023 2:05:04 PM org.flywaydb.core.internal.database.base.BaseDatabaseType createDatabase
INFO: Database: jdbc:h2:file:/Users/mike.burns/Documents/hmrc/eori-common-component-registration-frontend/.metals/metals (H2 2.1)
Jul 03, 2023 2:05:04 PM org.flywaydb.core.internal.schemahistory.JdbcTableSchemaHistory allAppliedMigrations
INFO: Schema history table "PUBLIC"."flyway_schema_history" does not exist yet
Jul 03, 2023 2:05:04 PM org.flywaydb.core.internal.command.DbValidate validate
INFO: Successfully validated 4 migrations (execution time 00:00.025s)
Jul 03, 2023 2:05:04 PM org.flywaydb.core.internal.schemahistory.JdbcTableSchemaHistory create
INFO: Creating Schema History table "PUBLIC"."flyway_schema_history" ...
Jul 03, 2023 2:05:04 PM org.flywaydb.core.internal.command.DbMigrate migrateGroup
INFO: Current version of schema "PUBLIC": << Empty Schema >>
Jul 03, 2023 2:05:04 PM org.flywaydb.core.internal.command.DbMigrate doMigrateGroup
INFO: Migrating schema "PUBLIC" to version "1 - Create tables"
Jul 03, 2023 2:05:04 PM org.flywaydb.core.internal.command.DbMigrate doMigrateGroup
INFO: Migrating schema "PUBLIC" to version "2 - Server discovery"
Jul 03, 2023 2:05:04 PM org.flywaydb.core.internal.command.DbMigrate doMigrateGroup
INFO: Migrating schema "PUBLIC" to version "3 - Jar symbols"
Jul 03, 2023 2:05:04 PM org.flywaydb.core.internal.command.DbMigrate doMigrateGroup
INFO: Migrating schema "PUBLIC" to version "4 - Fingerprints"
Jul 03, 2023 2:05:04 PM org.flywaydb.core.internal.command.DbMigrate logSummary
INFO: Successfully applied 4 migrations to schema "PUBLIC", now at version v4 (execution time 00:00.119s)
2023.07.03 14:05:04 INFO  time: initialize in 0.97s
2023.07.03 14:05:07 WARN  Build server is not auto-connectable.
2023.07.03 14:05:07 WARN  no build target for: /Users/mike.burns/Documents/hmrc/eori-common-component-registration-frontend/app/uk/gov/hmrc/eoricommoncomponent/frontend/domain/messaging/subscription/SubscriptionCreateRequest.scala
newlines.source is experimental, will change ignoring edition setting
2023.07.03 14:05:14 INFO  no build target found for /Users/mike.burns/Documents/hmrc/eori-common-component-registration-frontend/app/uk/gov/hmrc/eoricommoncomponent/frontend/domain/messaging/subscription/SubscriptionCreateRequest.scala. Using presentation compiler with project's scala-library version: 3.2.2
2023.07.03 14:05:21 INFO  time: code lens generation in 13s
2023.07.03 14:05:21 INFO  time: code lens generation in 8.48s
2023.07.03 15:11:36 WARN  no build target for: /Users/mike.burns/Documents/hmrc/eori-common-component-registration-frontend/test/unit/controllers/CheckYourDetailsRegisterControllerSpec.scala
2023.07.03 15:13:37 WARN  no build target for: /Users/mike.burns/Documents/hmrc/eori-common-component-registration-frontend/app/uk/gov/hmrc/eoricommoncomponent/frontend/controllers/ContactDetailsController.scala
2023.07.03 15:14:56 WARN  no build target for: /Users/mike.burns/Documents/hmrc/eori-common-component-registration-frontend/app/uk/gov/hmrc/eoricommoncomponent/frontend/controllers/CheckYourDetailsRegisterController.scala
Jul 03, 2023 3:17:29 PM org.eclipse.lsp4j.jsonrpc.RemoteEndpoint handleCancellation
WARNING: Unmatched cancel notification for request id 216
2023.07.03 15:38:21 WARN  no build target for: /Users/mike.burns/Documents/hmrc/eori-common-component-registration-frontend/app/uk/gov/hmrc/eoricommoncomponent/frontend/DateConverter.scala
2023.07.03 15:38:23 WARN  no build target for: /Users/mike.burns/Documents/hmrc/eori-common-component-registration-frontend/app/uk/gov/hmrc/eoricommoncomponent/frontend/DateConverter.scala
2023.07.03 15:42:49 WARN  no build target for: /Users/mike.burns/Documents/hmrc/eori-common-component-registration-frontend/app/uk/gov/hmrc/eoricommoncomponent/frontend/forms/MatchingForms.scala
Jul 03, 2023 3:42:50 PM org.eclipse.lsp4j.jsonrpc.RemoteEndpoint handleCancellation
WARNING: Unmatched cancel notification for request id 384
Jul 03, 2023 3:43:15 PM org.eclipse.lsp4j.jsonrpc.RemoteEndpoint handleCancellation
WARNING: Unmatched cancel notification for request id 407
2023.07.03 15:45:54 WARN  no build target for: /Users/mike.burns/Documents/hmrc/eori-common-component-registration-frontend/app/uk/gov/hmrc/eoricommoncomponent/frontend/DateConverter.scala
2023.07.03 15:46:47 WARN  no build target for: /Users/mike.burns/Documents/hmrc/eori-common-component-registration-frontend/test/util/builders/matching/NameIdOrganisationFormBuilder.scala
2023.07.03 15:46:57 WARN  no build target for: /Users/mike.burns/Documents/hmrc/eori-common-component-registration-frontend/app/uk/gov/hmrc/eoricommoncomponent/frontend/forms/MatchingForms.scala
